<?xml version="1.0" encoding="UTF-8"?>
<!-- Generated by org.testng.reporters.JUnitReportReporter -->
<testsuite hostname="Rajas-MacBook-Pro.local" failures="0" tests="1" name="test.Test1_GoogleSearch2TestNGDemo" time="32.794" errors="0" timestamp="22 Jul 2020 06:52:35 GMT" skipped="0">
  <testcase classname="test.Test1_GoogleSearch2TestNGDemo" name="GoogleSearch" time="32.794"/>
</testsuite> <!-- test.Test1_GoogleSearch2TestNGDemo -->
