<?xml version="1.0" encoding="UTF-8"?>
<!-- Generated by org.testng.reporters.JUnitReportReporter -->
<testsuite hostname="Rajas-MacBook-Pro.local" failures="0" tests="2" name="test.ExtentReportDemoWIthTestNG" time="2.686" errors="0" timestamp="2020-07-14T13:03:32 IST" skipped="0">
  <testcase classname="test.ExtentReportDemoWIthTestNG" name="Test2" time="0.006"/>
  <system-out/>
  <testcase classname="test.ExtentReportDemoWIthTestNG" name="Test1" time="2.680"/>
  <system-out/>
</testsuite> <!-- test.ExtentReportDemoWIthTestNG -->
