<?xml version="1.0" encoding="UTF-8"?>
<!-- Generated by org.testng.reporters.JUnitReportReporter -->
<testsuite hostname="Rajas-MacBook-Pro.local" failures="0" tests="3" name="listeners.TestNGListenerDemo" time="5.534" errors="0" timestamp="2020-07-22T12:49:58 IST" skipped="0">
  <testcase classname="listeners.TestNGListenerDemo" name="test3" time="0.011"/>
  <system-out/>
  <testcase classname="listeners.TestNGListenerDemo" name="test1" time="0.003"/>
  <system-out/>
  <testcase classname="listeners.TestNGListenerDemo" name="test2" time="5.520"/>
  <system-out/>
</testsuite> <!-- listeners.TestNGListenerDemo -->
