<?xml version="1.0" encoding="UTF-8"?>
<!-- Generated by org.testng.reporters.JUnitReportReporter -->
<testsuite hostname="Rajas-MacBook-Pro.local" failures="0" tests="4" name="test.TestNGGroupingDemo" time="0.021" errors="0" timestamp="2020-07-22T19:41:40 IST" skipped="0">
  <testcase classname="test.TestNGGroupingDemo" name="test2" time="0.004"/>
  <system-out/>
  <testcase classname="test.TestNGGroupingDemo" name="test1" time="0.011"/>
  <system-out/>
  <testcase classname="test.TestNGGroupingDemo" name="test3" time="0.003"/>
  <system-out/>
  <testcase classname="test.TestNGGroupingDemo" name="test4" time="0.003"/>
  <system-out/>
</testsuite> <!-- test.TestNGGroupingDemo -->
