<?xml version="1.0" encoding="UTF-8"?>
<!-- Generated by org.testng.reporters.JUnitReportReporter -->
<testsuite hostname="Rajas-MacBook-Pro.local" failures="0" tests="1" name="test.TestNGParaMetersDemo" time="0.011" errors="0" timestamp="2020-07-22T21:31:23 IST" skipped="0">
  <testcase classname="test.TestNGParaMetersDemo" name="Test1" time="0.011"/>
  <system-out/>
</testsuite> <!-- test.TestNGParaMetersDemo -->
